Release 14.7 - xst P.20131013 (nt)
Copyright (c) 1995-2013 Xilinx, Inc.  All rights reserved.
--> Parameter TMPDIR set to xst/projnav.tmp


Total REAL time to Xst completion: 1.00 secs
Total CPU time to Xst completion: 0.21 secs
 
--> Parameter xsthdpdir set to xst


Total REAL time to Xst completion: 1.00 secs
Total CPU time to Xst completion: 0.21 secs
 
--> Reading design: alu.prj

TABLE OF CONTENTS
  1) Synthesis Options Summary
  2) HDL Parsing
  3) HDL Elaboration
  4) HDL Synthesis
       4.1) HDL Synthesis Report
  5) Advanced HDL Synthesis
       5.1) Advanced HDL Synthesis Report
  6) Low Level Synthesis
  7) Partition Report
  8) Design Summary
       8.1) Primitive and Black Box Usage
       8.2) Device utilization summary
       8.3) Partition Resource Summary
       8.4) Timing Report
            8.4.1) Clock Information
            8.4.2) Asynchronous Control Signals Information
            8.4.3) Timing Summary
            8.4.4) Timing Details
            8.4.5) Cross Clock Domains Report


=========================================================================
*                      Synthesis Options Summary                        *
=========================================================================
---- Source Parameters
Input File Name                    : "alu.prj"
Ignore Synthesis Constraint File   : NO

---- Target Parameters
Output File Name                   : "alu"
Output Format                      : NGC
Target Device                      : xc6slx16-3-ftg256

---- Source Options
Top Module Name                    : alu
Automatic FSM Extraction           : YES
FSM Encoding Algorithm             : Auto
Safe Implementation                : No
FSM Style                          : LUT
RAM Extraction                     : Yes
RAM Style                          : Auto
ROM Extraction                     : Yes
Shift Register Extraction          : YES
ROM Style                          : Auto
Resource Sharing                   : YES
Asynchronous To Synchronous        : NO
Shift Register Minimum Size        : 2
Use DSP Block                      : Auto
Automatic Register Balancing       : No

---- Target Options
LUT Combining                      : Auto
Reduce Control Sets                : Auto
Add IO Buffers                     : YES
Global Maximum Fanout              : 100000
Add Generic Clock Buffer(BUFG)     : 16
Register Duplication               : YES
Optimize Instantiated Primitives   : NO
Use Clock Enable                   : Auto
Use Synchronous Set                : Auto
Use Synchronous Reset              : Auto
Pack IO Registers into IOBs        : Auto
Equivalent register Removal        : YES

---- General Options
Optimization Goal                  : Speed
Optimization Effort                : 1
Power Reduction                    : NO
Keep Hierarchy                     : No
Netlist Hierarchy                  : As_Optimized
RTL Output                         : Yes
Global Optimization                : AllClockNets
Read Cores                         : YES
Write Timing Constraints           : NO
Cross Clock Analysis               : NO
Hierarchy Separator                : /
Bus Delimiter                      : <>
Case Specifier                     : Maintain
Slice Utilization Ratio            : 100
BRAM Utilization Ratio             : 100
DSP48 Utilization Ratio            : 100
Auto BRAM Packing                  : NO
Slice Utilization Ratio Delta      : 5

=========================================================================


=========================================================================
*                          HDL Parsing                                  *
=========================================================================
Parsing VHDL file "C:\Users\Mohammed\Desktop\vhdl_project\vhdl_prj\alu.vhd" into library work
Parsing entity <alu>.
Parsing architecture <dataflow> of entity <alu>.

=========================================================================
*                            HDL Elaboration                            *
=========================================================================

Elaborating entity <alu> (architecture <dataflow>) from library <work>.

=========================================================================
*                           HDL Synthesis                               *
=========================================================================

Synthesizing Unit <alu>.
    Related source file is "C:\Users\Mohammed\Desktop\vhdl_project\vhdl_prj\alu.vhd".
    Found 16-bit adder for signal <x4> created at line 26.
    Found 16-bit subtractor for signal <GND_5_o_GND_5_o_sub_7_OUT<15:0>> created at line 28.
    Found 16-bit subtractor for signal <GND_5_o_GND_5_o_sub_8_OUT<15:0>> created at line 27.
    Found 16-bit 8-to-1 multiplexer for signal <result> created at line 32.
    Found 16-bit comparator lessequal for signal <n0006> created at line 27
    Summary:
	inferred   1 Adder/Subtractor(s).
	inferred   1 Comparator(s).
	inferred  10 Multiplexer(s).
Unit <alu> synthesized.

=========================================================================
HDL Synthesis Report

Macro Statistics
# Adders/Subtractors                                   : 1
 16-bit addsub                                         : 1
# Comparators                                          : 1
 16-bit comparator lessequal                           : 1
# Multiplexers                                         : 10
 16-bit 2-to-1 multiplexer                             : 10
# Xors                                                 : 1
 16-bit xor2                                           : 1

=========================================================================
INFO:Xst:1767 - HDL ADVISOR - Resource sharing has identified that some arithmetic operations in this design can share the same physical resources for reduced device utilization. For improved clock frequency you may try to disable resource sharing.

=========================================================================
*                       Advanced HDL Synthesis                          *
=========================================================================


=========================================================================
Advanced HDL Synthesis Report

Macro Statistics
# Adders/Subtractors                                   : 1
 16-bit addsub                                         : 1
# Comparators                                          : 1
 16-bit comparator lessequal                           : 1
# Multiplexers                                         : 10
 16-bit 2-to-1 multiplexer                             : 10
# Xors                                                 : 1
 16-bit xor2                                           : 1

=========================================================================

=========================================================================
*                         Low Level Synthesis                           *
=========================================================================

Optimizing unit <alu> ...

Mapping all equations...
Building and optimizing final netlist ...
Found area constraint ratio of 100 (+ 5) on block alu, actual ratio is 1.

Final Macro Processing ...

=========================================================================
Final Register Report

Found no macro
=========================================================================

=========================================================================
*                           Partition Report                            *
=========================================================================

Partition Implementation Status
-------------------------------

  No Partitions were found in this design.

-------------------------------

=========================================================================
*                            Design Summary                             *
=========================================================================

Top Level Output File Name         : alu.ngc

Primitive and Black Box Usage:
------------------------------
# BELS                             : 136
#      LUT3                        : 29
#      LUT4                        : 29
#      LUT5                        : 15
#      LUT6                        : 21
#      MUXCY                       : 22
#      MUXF7                       : 3
#      VCC                         : 1
#      XORCY                       : 16
# IO Buffers                       : 52
#      IBUF                        : 35
#      OBUF                        : 17

Device utilization summary:
---------------------------

Selected Device : 6slx16ftg256-3 


Slice Logic Utilization: 
 Number of Slice LUTs:                   94  out of   9112     1%  
    Number used as Logic:                94  out of   9112     1%  

Slice Logic Distribution: 
 Number of LUT Flip Flop pairs used:     94
   Number with an unused Flip Flop:      94  out of     94   100%  
   Number with an unused LUT:             0  out of     94     0%  
   Number of fully used LUT-FF pairs:     0  out of     94     0%  
   Number of unique control sets:         0

IO Utilization: 
 Number of IOs:                          52
 Number of bonded IOBs:                  52  out of    186    27%  

Specific Feature Utilization:

---------------------------
Partition Resource Summary:
---------------------------

  No Partitions were found in this design.

---------------------------


=========================================================================
Timing Report

NOTE: THESE TIMING NUMBERS ARE ONLY A SYNTHESIS ESTIMATE.
      FOR ACCURATE TIMING INFORMATION PLEASE REFER TO THE TRACE REPORT
      GENERATED AFTER PLACE-and-ROUTE.

Clock Information:
------------------
No clock signals found in this design

Asynchronous Control Signals Information:
----------------------------------------
No asynchronous control signals found in this design

Timing Summary:
---------------
Speed Grade: -3

   Minimum period: No path found
   Minimum input arrival time before clock: No path found
   Maximum output required time after clock: No path found
   Maximum combinational path delay: 11.941ns

Timing Details:
---------------
All values displayed in nanoseconds (ns)

=========================================================================
Timing constraint: Default path analysis
  Total number of paths / destination ports: 16324 / 17
-------------------------------------------------------------------------
Delay:               11.941ns (Levels of Logic = 23)
  Source:            alu_nibble0<1> (PAD)
  Destination:       zero_flag (PAD)

  Data Path: alu_nibble0<1> to zero_flag
                                Gate     Net
    Cell:in->out      fanout   Delay   Delay  Logical Name (Net Name)
    ----------------------------------------  ------------
     IBUF:I->O             9   1.222   1.077  alu_nibble0_1_IBUF (alu_nibble0_1_IBUF)
     LUT4:I0->O            0   0.203   0.000  Mcompar_alu_nibble1[15]_alu_nibble0[15]_LessThan_6_o_lutdi (Mcompar_alu_nibble1[15]_alu_nibble0[15]_LessThan_6_o_lutdi)
     MUXCY:DI->O           1   0.145   0.000  Mcompar_alu_nibble1[15]_alu_nibble0[15]_LessThan_6_o_cy<0> (Mcompar_alu_nibble1[15]_alu_nibble0[15]_LessThan_6_o_cy<0>)
     MUXCY:CI->O           1   0.019   0.000  Mcompar_alu_nibble1[15]_alu_nibble0[15]_LessThan_6_o_cy<1> (Mcompar_alu_nibble1[15]_alu_nibble0[15]_LessThan_6_o_cy<1>)
     MUXCY:CI->O           1   0.019   0.000  Mcompar_alu_nibble1[15]_alu_nibble0[15]_LessThan_6_o_cy<2> (Mcompar_alu_nibble1[15]_alu_nibble0[15]_LessThan_6_o_cy<2>)
     MUXCY:CI->O           1   0.019   0.000  Mcompar_alu_nibble1[15]_alu_nibble0[15]_LessThan_6_o_cy<3> (Mcompar_alu_nibble1[15]_alu_nibble0[15]_LessThan_6_o_cy<3>)
     MUXCY:CI->O           1   0.019   0.000  Mcompar_alu_nibble1[15]_alu_nibble0[15]_LessThan_6_o_cy<4> (Mcompar_alu_nibble1[15]_alu_nibble0[15]_LessThan_6_o_cy<4>)
     MUXCY:CI->O           1   0.019   0.000  Mcompar_alu_nibble1[15]_alu_nibble0[15]_LessThan_6_o_cy<5> (Mcompar_alu_nibble1[15]_alu_nibble0[15]_LessThan_6_o_cy<5>)
     MUXCY:CI->O           1   0.213   0.580  Mcompar_alu_nibble1[15]_alu_nibble0[15]_LessThan_6_o_cy<6> (Mcompar_alu_nibble1[15]_alu_nibble0[15]_LessThan_6_o_cy<6>)
     LUT5:I4->O           15   0.205   1.210  Mcompar_alu_nibble1[15]_alu_nibble0[15]_LessThan_6_o_cy<7> (alu_nibble1[15]_alu_nibble0[15]_LessThan_6_o)
     LUT4:I1->O            0   0.205   0.000  Mmux_result1_A11 (Mmux_result1_rs_A<0>)
     MUXCY:DI->O           1   0.145   0.000  Mmux_result1_rs_cy<0> (Mmux_result1_rs_cy<0>)
     MUXCY:CI->O           1   0.019   0.000  Mmux_result1_rs_cy<1> (Mmux_result1_rs_cy<1>)
     MUXCY:CI->O           1   0.019   0.000  Mmux_result1_rs_cy<2> (Mmux_result1_rs_cy<2>)
     MUXCY:CI->O           1   0.019   0.000  Mmux_result1_rs_cy<3> (Mmux_result1_rs_cy<3>)
     MUXCY:CI->O           1   0.019   0.000  Mmux_result1_rs_cy<4> (Mmux_result1_rs_cy<4>)
     MUXCY:CI->O           1   0.019   0.000  Mmux_result1_rs_cy<5> (Mmux_result1_rs_cy<5>)
     MUXCY:CI->O           1   0.019   0.000  Mmux_result1_rs_cy<6> (Mmux_result1_rs_cy<6>)
     XORCY:CI->O           1   0.180   0.684  Mmux_result1_rs_xor<7> (Mmux_result1_split<7>)
     LUT5:I3->O            2   0.203   0.981  Mmux_result7143 (result_7_OBUF)
     LUT6:I0->O            1   0.203   0.924  zero_flag<15>1 (zero_flag<15>)
     LUT6:I1->O            1   0.203   0.579  zero_flag<15>3 (zero_flag_OBUF)
     OBUF:I->O                 2.571          zero_flag_OBUF (zero_flag)
    ----------------------------------------
    Total                     11.941ns (5.907ns logic, 6.034ns route)
                                       (49.5% logic, 50.5% route)

=========================================================================

Cross Clock Domains Report:
--------------------------

=========================================================================


Total REAL time to Xst completion: 5.00 secs
Total CPU time to Xst completion: 4.76 secs
 
--> 

Total memory usage is 251164 kilobytes

Number of errors   :    0 (   0 filtered)
Number of warnings :    0 (   0 filtered)
Number of infos    :    1 (   0 filtered)

